
> client@0.1.0 start
> react-scripts start

Attempting to bind to HOST environment variable: 0.0.0.0
If this was unintentional, check that you haven't mistakenly set it in your shell.
Learn more here: https://cra.link/advanced-config

[HPM] Proxy created: /  -> http://127.0.0.1:5050
(node:17445) [DEP_WEBPACK_DEV_SERVER_ON_AFTER_SETUP_MIDDLEWARE] DeprecationWarning: 'onAfterSetupMiddleware' option is deprecated. Please use the 'setupMiddlewares' option.
(Use `node --trace-deprecation ...` to show where the warning was created)
(node:17445) [DEP_WEBPACK_DEV_SERVER_ON_BEFORE_SETUP_MIDDLEWARE] DeprecationWarning: 'onBeforeSetupMiddleware' option is deprecated. Please use the 'setupMiddlewares' option.
Starting the development server...

Compiled with warnings.

[eslint] 
src/pages/PersonnelManagement.js
  Line 6:3:    'UserIcon' is defined but never used                                                                                       no-unused-vars
  Line 7:3:    'EnvelopeIcon' is defined but never used                                                                                   no-unused-vars
  Line 10:3:   'CheckIcon' is defined but never used                                                                                      no-unused-vars
  Line 11:3:   'XMarkIcon' is defined but never used                                                                                      no-unused-vars
  Line 12:3:   'UserGroupIcon' is defined but never used                                                                                  no-unused-vars
  Line 13:3:   'ArrowRightOnRectangleIcon' is defined but never used                                                                      no-unused-vars
  Line 14:3:   'MagnifyingGlassIcon' is defined but never used                                                                            no-unused-vars
  Line 33:10:  'filteredUsers' is assigned a value but never used                                                                         no-unused-vars
  Line 34:22:  'setSearchTerm' is assigned a value but never used                                                                         no-unused-vars
  Line 53:6:   React Hook useEffect has a missing dependency: 'loadCurrentUserProfile'. Either include it or remove the dependency array  react-hooks/exhaustive-deps
  Line 136:9:  'handleLogout' is assigned a value but never used                                                                          no-unused-vars
  Line 577:7:  'UserCard' is assigned a value but never used                                                                              no-unused-vars

Search for the keywords to learn more about each warning.
To ignore, add // eslint-disable-next-line to the line before.

WARNING in [eslint] 
src/pages/PersonnelManagement.js
  Line 6:3:    'UserIcon' is defined but never used                                                                                       no-unused-vars
  Line 7:3:    'EnvelopeIcon' is defined but never used                                                                                   no-unused-vars
  Line 10:3:   'CheckIcon' is defined but never used                                                                                      no-unused-vars
  Line 11:3:   'XMarkIcon' is defined but never used                                                                                      no-unused-vars
  Line 12:3:   'UserGroupIcon' is defined but never used                                                                                  no-unused-vars
  Line 13:3:   'ArrowRightOnRectangleIcon' is defined but never used                                                                      no-unused-vars
  Line 14:3:   'MagnifyingGlassIcon' is defined but never used                                                                            no-unused-vars
  Line 33:10:  'filteredUsers' is assigned a value but never used                                                                         no-unused-vars
  Line 34:22:  'setSearchTerm' is assigned a value but never used                                                                         no-unused-vars
  Line 53:6:   React Hook useEffect has a missing dependency: 'loadCurrentUserProfile'. Either include it or remove the dependency array  react-hooks/exhaustive-deps
  Line 136:9:  'handleLogout' is assigned a value but never used                                                                          no-unused-vars
  Line 577:7:  'UserCard' is assigned a value but never used                                                                              no-unused-vars

webpack compiled with 1 warning
Compiling...
Compiled with warnings.

[eslint] 
src/pages/PersonnelManagement.js
  Line 6:3:    'UserIcon' is defined but never used                                                                                       no-unused-vars
  Line 7:3:    'EnvelopeIcon' is defined but never used                                                                                   no-unused-vars
  Line 10:3:   'CheckIcon' is defined but never used                                                                                      no-unused-vars
  Line 11:3:   'XMarkIcon' is defined but never used                                                                                      no-unused-vars
  Line 12:3:   'UserGroupIcon' is defined but never used                                                                                  no-unused-vars
  Line 13:3:   'ArrowRightOnRectangleIcon' is defined but never used                                                                      no-unused-vars
  Line 14:3:   'MagnifyingGlassIcon' is defined but never used                                                                            no-unused-vars
  Line 33:10:  'filteredUsers' is assigned a value but never used                                                                         no-unused-vars
  Line 34:22:  'setSearchTerm' is assigned a value but never used                                                                         no-unused-vars
  Line 53:6:   React Hook useEffect has a missing dependency: 'loadCurrentUserProfile'. Either include it or remove the dependency array  react-hooks/exhaustive-deps
  Line 136:9:  'handleLogout' is assigned a value but never used                                                                          no-unused-vars
  Line 609:7:  'UserCard' is assigned a value but never used                                                                              no-unused-vars

Search for the keywords to learn more about each warning.
To ignore, add // eslint-disable-next-line to the line before.

WARNING in [eslint] 
src/pages/PersonnelManagement.js
  Line 6:3:    'UserIcon' is defined but never used                                                                                       no-unused-vars
  Line 7:3:    'EnvelopeIcon' is defined but never used                                                                                   no-unused-vars
  Line 10:3:   'CheckIcon' is defined but never used                                                                                      no-unused-vars
  Line 11:3:   'XMarkIcon' is defined but never used                                                                                      no-unused-vars
  Line 12:3:   'UserGroupIcon' is defined but never used                                                                                  no-unused-vars
  Line 13:3:   'ArrowRightOnRectangleIcon' is defined but never used                                                                      no-unused-vars
  Line 14:3:   'MagnifyingGlassIcon' is defined but never used                                                                            no-unused-vars
  Line 33:10:  'filteredUsers' is assigned a value but never used                                                                         no-unused-vars
  Line 34:22:  'setSearchTerm' is assigned a value but never used                                                                         no-unused-vars
  Line 53:6:   React Hook useEffect has a missing dependency: 'loadCurrentUserProfile'. Either include it or remove the dependency array  react-hooks/exhaustive-deps
  Line 136:9:  'handleLogout' is assigned a value but never used                                                                          no-unused-vars
  Line 609:7:  'UserCard' is assigned a value but never used                                                                              no-unused-vars

webpack compiled with 1 warning
Compiling...
Compiled with warnings.

[eslint] 
src/pages/PersonnelManagement.js
  Line 6:3:    'UserIcon' is defined but never used                                                                                       no-unused-vars
  Line 7:3:    'EnvelopeIcon' is defined but never used                                                                                   no-unused-vars
  Line 10:3:   'CheckIcon' is defined but never used                                                                                      no-unused-vars
  Line 11:3:   'XMarkIcon' is defined but never used                                                                                      no-unused-vars
  Line 12:3:   'UserGroupIcon' is defined but never used                                                                                  no-unused-vars
  Line 13:3:   'ArrowRightOnRectangleIcon' is defined but never used                                                                      no-unused-vars
  Line 14:3:   'MagnifyingGlassIcon' is defined but never used                                                                            no-unused-vars
  Line 33:10:  'filteredUsers' is assigned a value but never used                                                                         no-unused-vars
  Line 34:22:  'setSearchTerm' is assigned a value but never used                                                                         no-unused-vars
  Line 53:6:   React Hook useEffect has a missing dependency: 'loadCurrentUserProfile'. Either include it or remove the dependency array  react-hooks/exhaustive-deps
  Line 136:9:  'handleLogout' is assigned a value but never used                                                                          no-unused-vars
  Line 609:7:  'UserCard' is assigned a value but never used                                                                              no-unused-vars

Search for the keywords to learn more about each warning.
To ignore, add // eslint-disable-next-line to the line before.

WARNING in [eslint] 
src/pages/PersonnelManagement.js
  Line 6:3:    'UserIcon' is defined but never used                                                                                       no-unused-vars
  Line 7:3:    'EnvelopeIcon' is defined but never used                                                                                   no-unused-vars
  Line 10:3:   'CheckIcon' is defined but never used                                                                                      no-unused-vars
  Line 11:3:   'XMarkIcon' is defined but never used                                                                                      no-unused-vars
  Line 12:3:   'UserGroupIcon' is defined but never used                                                                                  no-unused-vars
  Line 13:3:   'ArrowRightOnRectangleIcon' is defined but never used                                                                      no-unused-vars
  Line 14:3:   'MagnifyingGlassIcon' is defined but never used                                                                            no-unused-vars
  Line 33:10:  'filteredUsers' is assigned a value but never used                                                                         no-unused-vars
  Line 34:22:  'setSearchTerm' is assigned a value but never used                                                                         no-unused-vars
  Line 53:6:   React Hook useEffect has a missing dependency: 'loadCurrentUserProfile'. Either include it or remove the dependency array  react-hooks/exhaustive-deps
  Line 136:9:  'handleLogout' is assigned a value but never used                                                                          no-unused-vars
  Line 609:7:  'UserCard' is assigned a value but never used                                                                              no-unused-vars

webpack compiled with 1 warning
Compiling...
Compiled with warnings.

[eslint] 
src/pages/PersonnelManagement.js
  Line 6:3:    'UserIcon' is defined but never used                                                                                       no-unused-vars
  Line 7:3:    'EnvelopeIcon' is defined but never used                                                                                   no-unused-vars
  Line 10:3:   'CheckIcon' is defined but never used                                                                                      no-unused-vars
  Line 11:3:   'XMarkIcon' is defined but never used                                                                                      no-unused-vars
  Line 12:3:   'UserGroupIcon' is defined but never used                                                                                  no-unused-vars
  Line 13:3:   'ArrowRightOnRectangleIcon' is defined but never used                                                                      no-unused-vars
  Line 14:3:   'MagnifyingGlassIcon' is defined but never used                                                                            no-unused-vars
  Line 33:10:  'filteredUsers' is assigned a value but never used                                                                         no-unused-vars
  Line 34:22:  'setSearchTerm' is assigned a value but never used                                                                         no-unused-vars
  Line 53:6:   React Hook useEffect has a missing dependency: 'loadCurrentUserProfile'. Either include it or remove the dependency array  react-hooks/exhaustive-deps
  Line 136:9:  'handleLogout' is assigned a value but never used                                                                          no-unused-vars
  Line 610:7:  'UserCard' is assigned a value but never used                                                                              no-unused-vars

Search for the keywords to learn more about each warning.
To ignore, add // eslint-disable-next-line to the line before.

WARNING in [eslint] 
src/pages/PersonnelManagement.js
  Line 6:3:    'UserIcon' is defined but never used                                                                                       no-unused-vars
  Line 7:3:    'EnvelopeIcon' is defined but never used                                                                                   no-unused-vars
  Line 10:3:   'CheckIcon' is defined but never used                                                                                      no-unused-vars
  Line 11:3:   'XMarkIcon' is defined but never used                                                                                      no-unused-vars
  Line 12:3:   'UserGroupIcon' is defined but never used                                                                                  no-unused-vars
  Line 13:3:   'ArrowRightOnRectangleIcon' is defined but never used                                                                      no-unused-vars
  Line 14:3:   'MagnifyingGlassIcon' is defined but never used                                                                            no-unused-vars
  Line 33:10:  'filteredUsers' is assigned a value but never used                                                                         no-unused-vars
  Line 34:22:  'setSearchTerm' is assigned a value but never used                                                                         no-unused-vars
  Line 53:6:   React Hook useEffect has a missing dependency: 'loadCurrentUserProfile'. Either include it or remove the dependency array  react-hooks/exhaustive-deps
  Line 136:9:  'handleLogout' is assigned a value but never used                                                                          no-unused-vars
  Line 610:7:  'UserCard' is assigned a value but never used                                                                              no-unused-vars

webpack compiled with 1 warning
Compiling...
Compiled with warnings.

[eslint] 
src/pages/PersonnelManagement.js
  Line 6:3:    'UserIcon' is defined but never used                                                                                       no-unused-vars
  Line 7:3:    'EnvelopeIcon' is defined but never used                                                                                   no-unused-vars
  Line 10:3:   'CheckIcon' is defined but never used                                                                                      no-unused-vars
  Line 11:3:   'XMarkIcon' is defined but never used                                                                                      no-unused-vars
  Line 12:3:   'UserGroupIcon' is defined but never used                                                                                  no-unused-vars
  Line 13:3:   'ArrowRightOnRectangleIcon' is defined but never used                                                                      no-unused-vars
  Line 14:3:   'MagnifyingGlassIcon' is defined but never used                                                                            no-unused-vars
  Line 33:10:  'filteredUsers' is assigned a value but never used                                                                         no-unused-vars
  Line 34:22:  'setSearchTerm' is assigned a value but never used                                                                         no-unused-vars
  Line 53:6:   React Hook useEffect has a missing dependency: 'loadCurrentUserProfile'. Either include it or remove the dependency array  react-hooks/exhaustive-deps
  Line 136:9:  'handleLogout' is assigned a value but never used                                                                          no-unused-vars
  Line 610:7:  'UserCard' is assigned a value but never used                                                                              no-unused-vars

Search for the keywords to learn more about each warning.
To ignore, add // eslint-disable-next-line to the line before.

WARNING in [eslint] 
src/pages/PersonnelManagement.js
  Line 6:3:    'UserIcon' is defined but never used                                                                                       no-unused-vars
  Line 7:3:    'EnvelopeIcon' is defined but never used                                                                                   no-unused-vars
  Line 10:3:   'CheckIcon' is defined but never used                                                                                      no-unused-vars
  Line 11:3:   'XMarkIcon' is defined but never used                                                                                      no-unused-vars
  Line 12:3:   'UserGroupIcon' is defined but never used                                                                                  no-unused-vars
  Line 13:3:   'ArrowRightOnRectangleIcon' is defined but never used                                                                      no-unused-vars
  Line 14:3:   'MagnifyingGlassIcon' is defined but never used                                                                            no-unused-vars
  Line 33:10:  'filteredUsers' is assigned a value but never used                                                                         no-unused-vars
  Line 34:22:  'setSearchTerm' is assigned a value but never used                                                                         no-unused-vars
  Line 53:6:   React Hook useEffect has a missing dependency: 'loadCurrentUserProfile'. Either include it or remove the dependency array  react-hooks/exhaustive-deps
  Line 136:9:  'handleLogout' is assigned a value but never used                                                                          no-unused-vars
  Line 610:7:  'UserCard' is assigned a value but never used                                                                              no-unused-vars

webpack compiled with 1 warning
Compiling...
Compiled with warnings.

[eslint] 
src/pages/PersonnelManagement.js
  Line 6:3:    'UserIcon' is defined but never used                                                                                       no-unused-vars
  Line 7:3:    'EnvelopeIcon' is defined but never used                                                                                   no-unused-vars
  Line 10:3:   'CheckIcon' is defined but never used                                                                                      no-unused-vars
  Line 11:3:   'XMarkIcon' is defined but never used                                                                                      no-unused-vars
  Line 12:3:   'UserGroupIcon' is defined but never used                                                                                  no-unused-vars
  Line 13:3:   'ArrowRightOnRectangleIcon' is defined but never used                                                                      no-unused-vars
  Line 14:3:   'MagnifyingGlassIcon' is defined but never used                                                                            no-unused-vars
  Line 33:10:  'filteredUsers' is assigned a value but never used                                                                         no-unused-vars
  Line 34:22:  'setSearchTerm' is assigned a value but never used                                                                         no-unused-vars
  Line 53:6:   React Hook useEffect has a missing dependency: 'loadCurrentUserProfile'. Either include it or remove the dependency array  react-hooks/exhaustive-deps
  Line 136:9:  'handleLogout' is assigned a value but never used                                                                          no-unused-vars
  Line 608:7:  'UserCard' is assigned a value but never used                                                                              no-unused-vars

Search for the keywords to learn more about each warning.
To ignore, add // eslint-disable-next-line to the line before.

WARNING in [eslint] 
src/pages/PersonnelManagement.js
  Line 6:3:    'UserIcon' is defined but never used                                                                                       no-unused-vars
  Line 7:3:    'EnvelopeIcon' is defined but never used                                                                                   no-unused-vars
  Line 10:3:   'CheckIcon' is defined but never used                                                                                      no-unused-vars
  Line 11:3:   'XMarkIcon' is defined but never used                                                                                      no-unused-vars
  Line 12:3:   'UserGroupIcon' is defined but never used                                                                                  no-unused-vars
  Line 13:3:   'ArrowRightOnRectangleIcon' is defined but never used                                                                      no-unused-vars
  Line 14:3:   'MagnifyingGlassIcon' is defined but never used                                                                            no-unused-vars
  Line 33:10:  'filteredUsers' is assigned a value but never used                                                                         no-unused-vars
  Line 34:22:  'setSearchTerm' is assigned a value but never used                                                                         no-unused-vars
  Line 53:6:   React Hook useEffect has a missing dependency: 'loadCurrentUserProfile'. Either include it or remove the dependency array  react-hooks/exhaustive-deps
  Line 136:9:  'handleLogout' is assigned a value but never used                                                                          no-unused-vars
  Line 608:7:  'UserCard' is assigned a value but never used                                                                              no-unused-vars

webpack compiled with 1 warning
Compiling...
Compiled with warnings.

[eslint] 
src/pages/PersonnelManagement.js
  Line 6:3:    'UserIcon' is defined but never used                                                                                       no-unused-vars
  Line 7:3:    'EnvelopeIcon' is defined but never used                                                                                   no-unused-vars
  Line 10:3:   'CheckIcon' is defined but never used                                                                                      no-unused-vars
  Line 11:3:   'XMarkIcon' is defined but never used                                                                                      no-unused-vars
  Line 12:3:   'UserGroupIcon' is defined but never used                                                                                  no-unused-vars
  Line 13:3:   'ArrowRightOnRectangleIcon' is defined but never used                                                                      no-unused-vars
  Line 14:3:   'MagnifyingGlassIcon' is defined but never used                                                                            no-unused-vars
  Line 33:10:  'filteredUsers' is assigned a value but never used                                                                         no-unused-vars
  Line 34:22:  'setSearchTerm' is assigned a value but never used                                                                         no-unused-vars
  Line 53:6:   React Hook useEffect has a missing dependency: 'loadCurrentUserProfile'. Either include it or remove the dependency array  react-hooks/exhaustive-deps
  Line 136:9:  'handleLogout' is assigned a value but never used                                                                          no-unused-vars
  Line 610:7:  'UserCard' is assigned a value but never used                                                                              no-unused-vars

Search for the keywords to learn more about each warning.
To ignore, add // eslint-disable-next-line to the line before.

WARNING in [eslint] 
src/pages/PersonnelManagement.js
  Line 6:3:    'UserIcon' is defined but never used                                                                                       no-unused-vars
  Line 7:3:    'EnvelopeIcon' is defined but never used                                                                                   no-unused-vars
  Line 10:3:   'CheckIcon' is defined but never used                                                                                      no-unused-vars
  Line 11:3:   'XMarkIcon' is defined but never used                                                                                      no-unused-vars
  Line 12:3:   'UserGroupIcon' is defined but never used                                                                                  no-unused-vars
  Line 13:3:   'ArrowRightOnRectangleIcon' is defined but never used                                                                      no-unused-vars
  Line 14:3:   'MagnifyingGlassIcon' is defined but never used                                                                            no-unused-vars
  Line 33:10:  'filteredUsers' is assigned a value but never used                                                                         no-unused-vars
  Line 34:22:  'setSearchTerm' is assigned a value but never used                                                                         no-unused-vars
  Line 53:6:   React Hook useEffect has a missing dependency: 'loadCurrentUserProfile'. Either include it or remove the dependency array  react-hooks/exhaustive-deps
  Line 136:9:  'handleLogout' is assigned a value but never used                                                                          no-unused-vars
  Line 610:7:  'UserCard' is assigned a value but never used                                                                              no-unused-vars

webpack compiled with 1 warning
Compiling...
Compiled with warnings.

[eslint] 
src/pages/PersonnelManagement.js
  Line 6:3:    'UserIcon' is defined but never used                                                                                       no-unused-vars
  Line 7:3:    'EnvelopeIcon' is defined but never used                                                                                   no-unused-vars
  Line 10:3:   'CheckIcon' is defined but never used                                                                                      no-unused-vars
  Line 11:3:   'XMarkIcon' is defined but never used                                                                                      no-unused-vars
  Line 12:3:   'UserGroupIcon' is defined but never used                                                                                  no-unused-vars
  Line 13:3:   'ArrowRightOnRectangleIcon' is defined but never used                                                                      no-unused-vars
  Line 14:3:   'MagnifyingGlassIcon' is defined but never used                                                                            no-unused-vars
  Line 33:10:  'filteredUsers' is assigned a value but never used                                                                         no-unused-vars
  Line 34:22:  'setSearchTerm' is assigned a value but never used                                                                         no-unused-vars
  Line 53:6:   React Hook useEffect has a missing dependency: 'loadCurrentUserProfile'. Either include it or remove the dependency array  react-hooks/exhaustive-deps
  Line 136:9:  'handleLogout' is assigned a value but never used                                                                          no-unused-vars
  Line 621:7:  'UserCard' is assigned a value but never used                                                                              no-unused-vars

Search for the keywords to learn more about each warning.
To ignore, add // eslint-disable-next-line to the line before.

WARNING in [eslint] 
src/pages/PersonnelManagement.js
  Line 6:3:    'UserIcon' is defined but never used                                                                                       no-unused-vars
  Line 7:3:    'EnvelopeIcon' is defined but never used                                                                                   no-unused-vars
  Line 10:3:   'CheckIcon' is defined but never used                                                                                      no-unused-vars
  Line 11:3:   'XMarkIcon' is defined but never used                                                                                      no-unused-vars
  Line 12:3:   'UserGroupIcon' is defined but never used                                                                                  no-unused-vars
  Line 13:3:   'ArrowRightOnRectangleIcon' is defined but never used                                                                      no-unused-vars
  Line 14:3:   'MagnifyingGlassIcon' is defined but never used                                                                            no-unused-vars
  Line 33:10:  'filteredUsers' is assigned a value but never used                                                                         no-unused-vars
  Line 34:22:  'setSearchTerm' is assigned a value but never used                                                                         no-unused-vars
  Line 53:6:   React Hook useEffect has a missing dependency: 'loadCurrentUserProfile'. Either include it or remove the dependency array  react-hooks/exhaustive-deps
  Line 136:9:  'handleLogout' is assigned a value but never used                                                                          no-unused-vars
  Line 621:7:  'UserCard' is assigned a value but never used                                                                              no-unused-vars

webpack compiled with 1 warning
Compiling...
Compiled with warnings.

[eslint] 
src/pages/PersonnelManagement.js
  Line 6:3:    'UserIcon' is defined but never used                                                                                       no-unused-vars
  Line 7:3:    'EnvelopeIcon' is defined but never used                                                                                   no-unused-vars
  Line 10:3:   'CheckIcon' is defined but never used                                                                                      no-unused-vars
  Line 11:3:   'XMarkIcon' is defined but never used                                                                                      no-unused-vars
  Line 12:3:   'UserGroupIcon' is defined but never used                                                                                  no-unused-vars
  Line 13:3:   'ArrowRightOnRectangleIcon' is defined but never used                                                                      no-unused-vars
  Line 14:3:   'MagnifyingGlassIcon' is defined but never used                                                                            no-unused-vars
  Line 33:10:  'filteredUsers' is assigned a value but never used                                                                         no-unused-vars
  Line 34:22:  'setSearchTerm' is assigned a value but never used                                                                         no-unused-vars
  Line 53:6:   React Hook useEffect has a missing dependency: 'loadCurrentUserProfile'. Either include it or remove the dependency array  react-hooks/exhaustive-deps
  Line 136:9:  'handleLogout' is assigned a value but never used                                                                          no-unused-vars
  Line 621:7:  'UserCard' is assigned a value but never used                                                                              no-unused-vars

Search for the keywords to learn more about each warning.
To ignore, add // eslint-disable-next-line to the line before.

WARNING in [eslint] 
src/pages/PersonnelManagement.js
  Line 6:3:    'UserIcon' is defined but never used                                                                                       no-unused-vars
  Line 7:3:    'EnvelopeIcon' is defined but never used                                                                                   no-unused-vars
  Line 10:3:   'CheckIcon' is defined but never used                                                                                      no-unused-vars
  Line 11:3:   'XMarkIcon' is defined but never used                                                                                      no-unused-vars
  Line 12:3:   'UserGroupIcon' is defined but never used                                                                                  no-unused-vars
  Line 13:3:   'ArrowRightOnRectangleIcon' is defined but never used                                                                      no-unused-vars
  Line 14:3:   'MagnifyingGlassIcon' is defined but never used                                                                            no-unused-vars
  Line 33:10:  'filteredUsers' is assigned a value but never used                                                                         no-unused-vars
  Line 34:22:  'setSearchTerm' is assigned a value but never used                                                                         no-unused-vars
  Line 53:6:   React Hook useEffect has a missing dependency: 'loadCurrentUserProfile'. Either include it or remove the dependency array  react-hooks/exhaustive-deps
  Line 136:9:  'handleLogout' is assigned a value but never used                                                                          no-unused-vars
  Line 621:7:  'UserCard' is assigned a value but never used                                                                              no-unused-vars

webpack compiled with 1 warning
Compiling...
Compiled with warnings.

[eslint] 
src/pages/PersonnelManagement.js
  Line 6:3:    'UserIcon' is defined but never used                                                                                       no-unused-vars
  Line 7:3:    'EnvelopeIcon' is defined but never used                                                                                   no-unused-vars
  Line 10:3:   'CheckIcon' is defined but never used                                                                                      no-unused-vars
  Line 11:3:   'XMarkIcon' is defined but never used                                                                                      no-unused-vars
  Line 12:3:   'UserGroupIcon' is defined but never used                                                                                  no-unused-vars
  Line 13:3:   'ArrowRightOnRectangleIcon' is defined but never used                                                                      no-unused-vars
  Line 14:3:   'MagnifyingGlassIcon' is defined but never used                                                                            no-unused-vars
  Line 33:10:  'filteredUsers' is assigned a value but never used                                                                         no-unused-vars
  Line 34:22:  'setSearchTerm' is assigned a value but never used                                                                         no-unused-vars
  Line 53:6:   React Hook useEffect has a missing dependency: 'loadCurrentUserProfile'. Either include it or remove the dependency array  react-hooks/exhaustive-deps
  Line 136:9:  'handleLogout' is assigned a value but never used                                                                          no-unused-vars
  Line 634:7:  'UserCard' is assigned a value but never used                                                                              no-unused-vars

Search for the keywords to learn more about each warning.
To ignore, add // eslint-disable-next-line to the line before.

WARNING in [eslint] 
src/pages/PersonnelManagement.js
  Line 6:3:    'UserIcon' is defined but never used                                                                                       no-unused-vars
  Line 7:3:    'EnvelopeIcon' is defined but never used                                                                                   no-unused-vars
  Line 10:3:   'CheckIcon' is defined but never used                                                                                      no-unused-vars
  Line 11:3:   'XMarkIcon' is defined but never used                                                                                      no-unused-vars
  Line 12:3:   'UserGroupIcon' is defined but never used                                                                                  no-unused-vars
  Line 13:3:   'ArrowRightOnRectangleIcon' is defined but never used                                                                      no-unused-vars
  Line 14:3:   'MagnifyingGlassIcon' is defined but never used                                                                            no-unused-vars
  Line 33:10:  'filteredUsers' is assigned a value but never used                                                                         no-unused-vars
  Line 34:22:  'setSearchTerm' is assigned a value but never used                                                                         no-unused-vars
  Line 53:6:   React Hook useEffect has a missing dependency: 'loadCurrentUserProfile'. Either include it or remove the dependency array  react-hooks/exhaustive-deps
  Line 136:9:  'handleLogout' is assigned a value but never used                                                                          no-unused-vars
  Line 634:7:  'UserCard' is assigned a value but never used                                                                              no-unused-vars

webpack compiled with 1 warning
Compiling...
Compiled with warnings.

[eslint] 
src/pages/PersonnelManagement.js
  Line 6:3:    'UserIcon' is defined but never used                                                                                       no-unused-vars
  Line 7:3:    'EnvelopeIcon' is defined but never used                                                                                   no-unused-vars
  Line 10:3:   'CheckIcon' is defined but never used                                                                                      no-unused-vars
  Line 11:3:   'XMarkIcon' is defined but never used                                                                                      no-unused-vars
  Line 12:3:   'UserGroupIcon' is defined but never used                                                                                  no-unused-vars
  Line 13:3:   'ArrowRightOnRectangleIcon' is defined but never used                                                                      no-unused-vars
  Line 14:3:   'MagnifyingGlassIcon' is defined but never used                                                                            no-unused-vars
  Line 33:10:  'filteredUsers' is assigned a value but never used                                                                         no-unused-vars
  Line 34:22:  'setSearchTerm' is assigned a value but never used                                                                         no-unused-vars
  Line 53:6:   React Hook useEffect has a missing dependency: 'loadCurrentUserProfile'. Either include it or remove the dependency array  react-hooks/exhaustive-deps
  Line 136:9:  'handleLogout' is assigned a value but never used                                                                          no-unused-vars
  Line 634:7:  'UserCard' is assigned a value but never used                                                                              no-unused-vars

Search for the keywords to learn more about each warning.
To ignore, add // eslint-disable-next-line to the line before.

WARNING in [eslint] 
src/pages/PersonnelManagement.js
  Line 6:3:    'UserIcon' is defined but never used                                                                                       no-unused-vars
  Line 7:3:    'EnvelopeIcon' is defined but never used                                                                                   no-unused-vars
  Line 10:3:   'CheckIcon' is defined but never used                                                                                      no-unused-vars
  Line 11:3:   'XMarkIcon' is defined but never used                                                                                      no-unused-vars
  Line 12:3:   'UserGroupIcon' is defined but never used                                                                                  no-unused-vars
  Line 13:3:   'ArrowRightOnRectangleIcon' is defined but never used                                                                      no-unused-vars
  Line 14:3:   'MagnifyingGlassIcon' is defined but never used                                                                            no-unused-vars
  Line 33:10:  'filteredUsers' is assigned a value but never used                                                                         no-unused-vars
  Line 34:22:  'setSearchTerm' is assigned a value but never used                                                                         no-unused-vars
  Line 53:6:   React Hook useEffect has a missing dependency: 'loadCurrentUserProfile'. Either include it or remove the dependency array  react-hooks/exhaustive-deps
  Line 136:9:  'handleLogout' is assigned a value but never used                                                                          no-unused-vars
  Line 634:7:  'UserCard' is assigned a value but never used                                                                              no-unused-vars

webpack compiled with 1 warning
Compiling...
Compiled with warnings.

[eslint] 
src/pages/PersonnelManagement.js
  Line 6:3:    'UserIcon' is defined but never used                                                                                       no-unused-vars
  Line 7:3:    'EnvelopeIcon' is defined but never used                                                                                   no-unused-vars
  Line 10:3:   'CheckIcon' is defined but never used                                                                                      no-unused-vars
  Line 11:3:   'XMarkIcon' is defined but never used                                                                                      no-unused-vars
  Line 12:3:   'UserGroupIcon' is defined but never used                                                                                  no-unused-vars
  Line 13:3:   'ArrowRightOnRectangleIcon' is defined but never used                                                                      no-unused-vars
  Line 14:3:   'MagnifyingGlassIcon' is defined but never used                                                                            no-unused-vars
  Line 33:10:  'filteredUsers' is assigned a value but never used                                                                         no-unused-vars
  Line 34:22:  'setSearchTerm' is assigned a value but never used                                                                         no-unused-vars
  Line 53:6:   React Hook useEffect has a missing dependency: 'loadCurrentUserProfile'. Either include it or remove the dependency array  react-hooks/exhaustive-deps
  Line 136:9:  'handleLogout' is assigned a value but never used                                                                          no-unused-vars
  Line 634:7:  'UserCard' is assigned a value but never used                                                                              no-unused-vars

Search for the keywords to learn more about each warning.
To ignore, add // eslint-disable-next-line to the line before.

WARNING in [eslint] 
src/pages/PersonnelManagement.js
  Line 6:3:    'UserIcon' is defined but never used                                                                                       no-unused-vars
  Line 7:3:    'EnvelopeIcon' is defined but never used                                                                                   no-unused-vars
  Line 10:3:   'CheckIcon' is defined but never used                                                                                      no-unused-vars
  Line 11:3:   'XMarkIcon' is defined but never used                                                                                      no-unused-vars
  Line 12:3:   'UserGroupIcon' is defined but never used                                                                                  no-unused-vars
  Line 13:3:   'ArrowRightOnRectangleIcon' is defined but never used                                                                      no-unused-vars
  Line 14:3:   'MagnifyingGlassIcon' is defined but never used                                                                            no-unused-vars
  Line 33:10:  'filteredUsers' is assigned a value but never used                                                                         no-unused-vars
  Line 34:22:  'setSearchTerm' is assigned a value but never used                                                                         no-unused-vars
  Line 53:6:   React Hook useEffect has a missing dependency: 'loadCurrentUserProfile'. Either include it or remove the dependency array  react-hooks/exhaustive-deps
  Line 136:9:  'handleLogout' is assigned a value but never used                                                                          no-unused-vars
  Line 634:7:  'UserCard' is assigned a value but never used                                                                              no-unused-vars

webpack compiled with 1 warning
Compiling...
Compiled with warnings.

[eslint] 
src/pages/PersonnelManagement.js
  Line 6:3:    'UserIcon' is defined but never used                                                                                       no-unused-vars
  Line 7:3:    'EnvelopeIcon' is defined but never used                                                                                   no-unused-vars
  Line 10:3:   'CheckIcon' is defined but never used                                                                                      no-unused-vars
  Line 11:3:   'XMarkIcon' is defined but never used                                                                                      no-unused-vars
  Line 12:3:   'UserGroupIcon' is defined but never used                                                                                  no-unused-vars
  Line 13:3:   'ArrowRightOnRectangleIcon' is defined but never used                                                                      no-unused-vars
  Line 14:3:   'MagnifyingGlassIcon' is defined but never used                                                                            no-unused-vars
  Line 33:10:  'filteredUsers' is assigned a value but never used                                                                         no-unused-vars
  Line 34:22:  'setSearchTerm' is assigned a value but never used                                                                         no-unused-vars
  Line 53:6:   React Hook useEffect has a missing dependency: 'loadCurrentUserProfile'. Either include it or remove the dependency array  react-hooks/exhaustive-deps
  Line 136:9:  'handleLogout' is assigned a value but never used                                                                          no-unused-vars
  Line 634:7:  'UserCard' is assigned a value but never used                                                                              no-unused-vars

Search for the keywords to learn more about each warning.
To ignore, add // eslint-disable-next-line to the line before.

WARNING in [eslint] 
src/pages/PersonnelManagement.js
  Line 6:3:    'UserIcon' is defined but never used                                                                                       no-unused-vars
  Line 7:3:    'EnvelopeIcon' is defined but never used                                                                                   no-unused-vars
  Line 10:3:   'CheckIcon' is defined but never used                                                                                      no-unused-vars
  Line 11:3:   'XMarkIcon' is defined but never used                                                                                      no-unused-vars
  Line 12:3:   'UserGroupIcon' is defined but never used                                                                                  no-unused-vars
  Line 13:3:   'ArrowRightOnRectangleIcon' is defined but never used                                                                      no-unused-vars
  Line 14:3:   'MagnifyingGlassIcon' is defined but never used                                                                            no-unused-vars
  Line 33:10:  'filteredUsers' is assigned a value but never used                                                                         no-unused-vars
  Line 34:22:  'setSearchTerm' is assigned a value but never used                                                                         no-unused-vars
  Line 53:6:   React Hook useEffect has a missing dependency: 'loadCurrentUserProfile'. Either include it or remove the dependency array  react-hooks/exhaustive-deps
  Line 136:9:  'handleLogout' is assigned a value but never used                                                                          no-unused-vars
  Line 634:7:  'UserCard' is assigned a value but never used                                                                              no-unused-vars

webpack compiled with 1 warning
Compiling...
Compiled with warnings.

[eslint] 
src/pages/PersonnelManagement.js
  Line 6:3:    'UserIcon' is defined but never used                                                                                       no-unused-vars
  Line 7:3:    'EnvelopeIcon' is defined but never used                                                                                   no-unused-vars
  Line 10:3:   'CheckIcon' is defined but never used                                                                                      no-unused-vars
  Line 11:3:   'XMarkIcon' is defined but never used                                                                                      no-unused-vars
  Line 12:3:   'UserGroupIcon' is defined but never used                                                                                  no-unused-vars
  Line 13:3:   'ArrowRightOnRectangleIcon' is defined but never used                                                                      no-unused-vars
  Line 14:3:   'MagnifyingGlassIcon' is defined but never used                                                                            no-unused-vars
  Line 33:10:  'filteredUsers' is assigned a value but never used                                                                         no-unused-vars
  Line 34:22:  'setSearchTerm' is assigned a value but never used                                                                         no-unused-vars
  Line 53:6:   React Hook useEffect has a missing dependency: 'loadCurrentUserProfile'. Either include it or remove the dependency array  react-hooks/exhaustive-deps
  Line 136:9:  'handleLogout' is assigned a value but never used                                                                          no-unused-vars
  Line 634:7:  'UserCard' is assigned a value but never used                                                                              no-unused-vars

Search for the keywords to learn more about each warning.
To ignore, add // eslint-disable-next-line to the line before.

WARNING in [eslint] 
src/pages/PersonnelManagement.js
  Line 6:3:    'UserIcon' is defined but never used                                                                                       no-unused-vars
  Line 7:3:    'EnvelopeIcon' is defined but never used                                                                                   no-unused-vars
  Line 10:3:   'CheckIcon' is defined but never used                                                                                      no-unused-vars
  Line 11:3:   'XMarkIcon' is defined but never used                                                                                      no-unused-vars
  Line 12:3:   'UserGroupIcon' is defined but never used                                                                                  no-unused-vars
  Line 13:3:   'ArrowRightOnRectangleIcon' is defined but never used                                                                      no-unused-vars
  Line 14:3:   'MagnifyingGlassIcon' is defined but never used                                                                            no-unused-vars
  Line 33:10:  'filteredUsers' is assigned a value but never used                                                                         no-unused-vars
  Line 34:22:  'setSearchTerm' is assigned a value but never used                                                                         no-unused-vars
  Line 53:6:   React Hook useEffect has a missing dependency: 'loadCurrentUserProfile'. Either include it or remove the dependency array  react-hooks/exhaustive-deps
  Line 136:9:  'handleLogout' is assigned a value but never used                                                                          no-unused-vars
  Line 634:7:  'UserCard' is assigned a value but never used                                                                              no-unused-vars

webpack compiled with 1 warning
Compiling...
Compiled with warnings.

[eslint] 
src/pages/PersonnelManagement.js
  Line 6:3:    'UserIcon' is defined but never used                                                                                       no-unused-vars
  Line 7:3:    'EnvelopeIcon' is defined but never used                                                                                   no-unused-vars
  Line 10:3:   'CheckIcon' is defined but never used                                                                                      no-unused-vars
  Line 11:3:   'XMarkIcon' is defined but never used                                                                                      no-unused-vars
  Line 12:3:   'UserGroupIcon' is defined but never used                                                                                  no-unused-vars
  Line 13:3:   'ArrowRightOnRectangleIcon' is defined but never used                                                                      no-unused-vars
  Line 14:3:   'MagnifyingGlassIcon' is defined but never used                                                                            no-unused-vars
  Line 33:10:  'filteredUsers' is assigned a value but never used                                                                         no-unused-vars
  Line 34:22:  'setSearchTerm' is assigned a value but never used                                                                         no-unused-vars
  Line 53:6:   React Hook useEffect has a missing dependency: 'loadCurrentUserProfile'. Either include it or remove the dependency array  react-hooks/exhaustive-deps
  Line 136:9:  'handleLogout' is assigned a value but never used                                                                          no-unused-vars
  Line 632:7:  'UserCard' is assigned a value but never used                                                                              no-unused-vars

Search for the keywords to learn more about each warning.
To ignore, add // eslint-disable-next-line to the line before.

WARNING in [eslint] 
src/pages/PersonnelManagement.js
  Line 6:3:    'UserIcon' is defined but never used                                                                                       no-unused-vars
  Line 7:3:    'EnvelopeIcon' is defined but never used                                                                                   no-unused-vars
  Line 10:3:   'CheckIcon' is defined but never used                                                                                      no-unused-vars
  Line 11:3:   'XMarkIcon' is defined but never used                                                                                      no-unused-vars
  Line 12:3:   'UserGroupIcon' is defined but never used                                                                                  no-unused-vars
  Line 13:3:   'ArrowRightOnRectangleIcon' is defined but never used                                                                      no-unused-vars
  Line 14:3:   'MagnifyingGlassIcon' is defined but never used                                                                            no-unused-vars
  Line 33:10:  'filteredUsers' is assigned a value but never used                                                                         no-unused-vars
  Line 34:22:  'setSearchTerm' is assigned a value but never used                                                                         no-unused-vars
  Line 53:6:   React Hook useEffect has a missing dependency: 'loadCurrentUserProfile'. Either include it or remove the dependency array  react-hooks/exhaustive-deps
  Line 136:9:  'handleLogout' is assigned a value but never used                                                                          no-unused-vars
  Line 632:7:  'UserCard' is assigned a value but never used                                                                              no-unused-vars

webpack compiled with 1 warning
Compiling...
Compiled with warnings.

[eslint] 
src/pages/PersonnelManagement.js
  Line 6:3:    'UserIcon' is defined but never used                                                                                       no-unused-vars
  Line 7:3:    'EnvelopeIcon' is defined but never used                                                                                   no-unused-vars
  Line 10:3:   'CheckIcon' is defined but never used                                                                                      no-unused-vars
  Line 11:3:   'XMarkIcon' is defined but never used                                                                                      no-unused-vars
  Line 12:3:   'UserGroupIcon' is defined but never used                                                                                  no-unused-vars
  Line 13:3:   'ArrowRightOnRectangleIcon' is defined but never used                                                                      no-unused-vars
  Line 14:3:   'MagnifyingGlassIcon' is defined but never used                                                                            no-unused-vars
  Line 33:10:  'filteredUsers' is assigned a value but never used                                                                         no-unused-vars
  Line 34:22:  'setSearchTerm' is assigned a value but never used                                                                         no-unused-vars
  Line 53:6:   React Hook useEffect has a missing dependency: 'loadCurrentUserProfile'. Either include it or remove the dependency array  react-hooks/exhaustive-deps
  Line 136:9:  'handleLogout' is assigned a value but never used                                                                          no-unused-vars
  Line 632:7:  'UserCard' is assigned a value but never used                                                                              no-unused-vars

Search for the keywords to learn more about each warning.
To ignore, add // eslint-disable-next-line to the line before.

WARNING in [eslint] 
src/pages/PersonnelManagement.js
  Line 6:3:    'UserIcon' is defined but never used                                                                                       no-unused-vars
  Line 7:3:    'EnvelopeIcon' is defined but never used                                                                                   no-unused-vars
  Line 10:3:   'CheckIcon' is defined but never used                                                                                      no-unused-vars
  Line 11:3:   'XMarkIcon' is defined but never used                                                                                      no-unused-vars
  Line 12:3:   'UserGroupIcon' is defined but never used                                                                                  no-unused-vars
  Line 13:3:   'ArrowRightOnRectangleIcon' is defined but never used                                                                      no-unused-vars
  Line 14:3:   'MagnifyingGlassIcon' is defined but never used                                                                            no-unused-vars
  Line 33:10:  'filteredUsers' is assigned a value but never used                                                                         no-unused-vars
  Line 34:22:  'setSearchTerm' is assigned a value but never used                                                                         no-unused-vars
  Line 53:6:   React Hook useEffect has a missing dependency: 'loadCurrentUserProfile'. Either include it or remove the dependency array  react-hooks/exhaustive-deps
  Line 136:9:  'handleLogout' is assigned a value but never used                                                                          no-unused-vars
  Line 632:7:  'UserCard' is assigned a value but never used                                                                              no-unused-vars

webpack compiled with 1 warning
Compiling...
Compiled with warnings.

[eslint] 
src/pages/PersonnelManagement.js
  Line 6:3:    'UserIcon' is defined but never used                                                                                       no-unused-vars
  Line 7:3:    'EnvelopeIcon' is defined but never used                                                                                   no-unused-vars
  Line 10:3:   'CheckIcon' is defined but never used                                                                                      no-unused-vars
  Line 11:3:   'XMarkIcon' is defined but never used                                                                                      no-unused-vars
  Line 12:3:   'UserGroupIcon' is defined but never used                                                                                  no-unused-vars
  Line 13:3:   'ArrowRightOnRectangleIcon' is defined but never used                                                                      no-unused-vars
  Line 14:3:   'MagnifyingGlassIcon' is defined but never used                                                                            no-unused-vars
  Line 33:10:  'filteredUsers' is assigned a value but never used                                                                         no-unused-vars
  Line 34:22:  'setSearchTerm' is assigned a value but never used                                                                         no-unused-vars
  Line 53:6:   React Hook useEffect has a missing dependency: 'loadCurrentUserProfile'. Either include it or remove the dependency array  react-hooks/exhaustive-deps
  Line 136:9:  'handleLogout' is assigned a value but never used                                                                          no-unused-vars
  Line 632:7:  'UserCard' is assigned a value but never used                                                                              no-unused-vars

Search for the keywords to learn more about each warning.
To ignore, add // eslint-disable-next-line to the line before.

WARNING in [eslint] 
src/pages/PersonnelManagement.js
  Line 6:3:    'UserIcon' is defined but never used                                                                                       no-unused-vars
  Line 7:3:    'EnvelopeIcon' is defined but never used                                                                                   no-unused-vars
  Line 10:3:   'CheckIcon' is defined but never used                                                                                      no-unused-vars
  Line 11:3:   'XMarkIcon' is defined but never used                                                                                      no-unused-vars
  Line 12:3:   'UserGroupIcon' is defined but never used                                                                                  no-unused-vars
  Line 13:3:   'ArrowRightOnRectangleIcon' is defined but never used                                                                      no-unused-vars
  Line 14:3:   'MagnifyingGlassIcon' is defined but never used                                                                            no-unused-vars
  Line 33:10:  'filteredUsers' is assigned a value but never used                                                                         no-unused-vars
  Line 34:22:  'setSearchTerm' is assigned a value but never used                                                                         no-unused-vars
  Line 53:6:   React Hook useEffect has a missing dependency: 'loadCurrentUserProfile'. Either include it or remove the dependency array  react-hooks/exhaustive-deps
  Line 136:9:  'handleLogout' is assigned a value but never used                                                                          no-unused-vars
  Line 632:7:  'UserCard' is assigned a value but never used                                                                              no-unused-vars

webpack compiled with 1 warning
